android/app/build/intermediates/manifest_merge_blame_file/release/manifest-merger-blame-release-report.txt
1<?xml version="1.0" encoding="utf-8"?>
2<manifest xmlns:android="http://schemas.android.com/apk/res/android"
3    package="com.uderuserapp"
4    android:versionCode="2"
5    android:versionName="2.0" >
6
7    <uses-sdk
8        android:minSdkVersion="21"
8-->src\main\AndroidManifest.xml
9        android:targetSdkVersion="33" />
9-->src\main\AndroidManifest.xml
10
11    <uses-permission android:name="android.permission.INTERNET" />
11-->src\main\AndroidManifest.xml:3:1-63
11-->src\main\AndroidManifest.xml:3:18-60
12    <uses-permission android:name="android.permission.ACCESS_GPS" />
12-->src\main\AndroidManifest.xml:4:2-66
12-->src\main\AndroidManifest.xml:4:19-63
13    <uses-permission android:name="android.permission.ACCESS_FINE_LOCATION" /> <!-- required for HTML geolocation access -->
13-->src\main\AndroidManifest.xml:5:2-76
13-->src\main\AndroidManifest.xml:5:19-73
14    <uses-permission android:name="android.permission.ACCESS_LOCATION" />
14-->src\main\AndroidManifest.xml:6:2-71
14-->src\main\AndroidManifest.xml:6:19-68
15    <uses-permission android:name="android.permission.ACCESS_COARSE_LOCATION" /> <!-- required for HTML geolocation access -->
15-->src\main\AndroidManifest.xml:7:2-78
15-->src\main\AndroidManifest.xml:7:19-75
16
17    <uses-permission android:name="android.permission.ACCESS_WIFI_STATE" /> <!-- check WiFi connection -->
17-->src\main\AndroidManifest.xml:9:2-73
17-->src\main\AndroidManifest.xml:9:19-70
18    <uses-permission android:name="android.permission.CHANGE_WIFI_STATE" /> <!-- required for Wifi pre-config -->
18-->src\main\AndroidManifest.xml:10:2-73
18-->src\main\AndroidManifest.xml:10:19-70
19    <!-- <uses-permission android:name="android.permission.ACCESS_BACKGROUND_LOCATION" /> -->
20    <uses-permission android:name="android.permission.ACCESS_NETWORK_STATE" />
20-->src\main\AndroidManifest.xml:12:2-76
20-->src\main\AndroidManifest.xml:12:19-73
21    <uses-permission android:name="android.permission.CHANGE_NETWORK_STATE" />
21-->src\main\AndroidManifest.xml:13:2-76
21-->src\main\AndroidManifest.xml:13:19-73
22    <uses-permission android:name="android.permission.ACTIVITY_RECOGNITION" />
22-->src\main\AndroidManifest.xml:15:2-76
22-->src\main\AndroidManifest.xml:15:19-73
23    <uses-permission android:name="android.permission.BODY_SENSORS" />
23-->src\main\AndroidManifest.xml:16:2-68
23-->src\main\AndroidManifest.xml:16:19-65
24    <!-- <uses-permission android:name="android.permission.GET_ACCOUNTS" /> -->
25    <uses-permission android:name="android.permission.READ_CALENDAR" />
25-->src\main\AndroidManifest.xml:18:2-69
25-->src\main\AndroidManifest.xml:18:19-66
26    <uses-permission android:name="android.permission.WRITE_CALENDAR" />
26-->src\main\AndroidManifest.xml:19:2-70
26-->src\main\AndroidManifest.xml:19:19-67
27    <uses-permission android:name="android.permission.ANSWER_PHONE_CALLS" />
27-->src\main\AndroidManifest.xml:20:2-74
27-->src\main\AndroidManifest.xml:20:19-71
28    <uses-permission android:name="android.permission.CALL_PHONE" />
28-->src\main\AndroidManifest.xml:21:2-66
28-->src\main\AndroidManifest.xml:21:19-63
29    <!-- <uses-permission android:name="android.permission.PROCESS_OUTGOING_CALLS" /> -->
30    <!-- <uses-permission android:name="android.permission.READ_CALL_LOG" /> -->
31    <!-- <uses-permission android:name="android.permission.WRITE_CALL_LOG" /> -->
32    <uses-permission android:name="android.permission.READ_PHONE_NUMBERS" />
32-->src\main\AndroidManifest.xml:25:2-74
32-->src\main\AndroidManifest.xml:25:19-71
33    <uses-permission android:name="android.permission.READ_PHONE_STATE" />
33-->src\main\AndroidManifest.xml:26:2-72
33-->src\main\AndroidManifest.xml:26:19-69
34    <uses-permission android:name="android.permission.READ_CONTACTS" />
34-->src\main\AndroidManifest.xml:29:2-69
34-->src\main\AndroidManifest.xml:29:19-66
35    <uses-permission android:name="android.permission.WRITE_CONTACTS" />
35-->src\main\AndroidManifest.xml:30:2-70
35-->src\main\AndroidManifest.xml:30:19-67
36    <!-- <uses-permission android:name="android.permission.READ_SMS" /> -->
37    <!-- <uses-permission android:name="android.permission.SEND_SMS" /> -->
38    <!-- <uses-permission android:name="android.permission.RECEIVE_SMS" /> -->
39    <!-- <uses-permission android:name="android.permission.RECEIVE_WAP_PUSH" /> -->
40    <!-- <uses-permission android:name="android.permission.RECEIVE_MMS" /> -->
41    <uses-permission android:name="android.permission.USE_SIP" />
41-->src\main\AndroidManifest.xml:36:2-63
41-->src\main\AndroidManifest.xml:36:19-60
42    <uses-permission android:name="com.android.voicemail.permission.ADD_VOICEMAIL" />
42-->src\main\AndroidManifest.xml:37:2-83
42-->src\main\AndroidManifest.xml:37:19-80
43    <uses-permission android:name="android.permission.ACCEPT_HANDOVER" />
43-->src\main\AndroidManifest.xml:40:2-71
43-->src\main\AndroidManifest.xml:40:19-68
44    <uses-permission android:name="android.permission.WRITE_EXTERNAL_STORAGE" /> <!-- export settings to file -->
44-->src\main\AndroidManifest.xml:41:2-78
44-->src\main\AndroidManifest.xml:41:19-75
45    <uses-permission android:name="android.permission.READ_EXTERNAL_STORAGE" /> <!-- show local files with file: // and import settings -->
45-->src\main\AndroidManifest.xml:42:2-77
45-->src\main\AndroidManifest.xml:42:19-74
46    <uses-permission android:name="android.permission.WAKE_LOCK" />
46-->src\main\AndroidManifest.xml:43:2-65
46-->src\main\AndroidManifest.xml:43:19-62
47    <uses-permission android:name="android.permission.SYSTEM_ALERT_WINDOW" />
47-->src\main\AndroidManifest.xml:44:2-75
47-->src\main\AndroidManifest.xml:44:19-72
48    <uses-permission android:name="android.permission.SET_ALARM" /> <!-- required for scheduled sleep and wakeup -->
48-->src\main\AndroidManifest.xml:45:2-65
48-->src\main\AndroidManifest.xml:45:19-62
49    <uses-permission android:name="android.permission.INSTALL_SHORTCUT" /> <!-- add links to the home screen -->
49-->src\main\AndroidManifest.xml:46:2-72
49-->src\main\AndroidManifest.xml:46:19-69
50    <!--
51    <uses-permission android:name="android.permission.INSTALL_PACKAGES" />
52	<uses-permission android:name="android.permission.REQUEST_INSTALL_PACKAGES" />
53    -->
54    <uses-permission android:name="android.permission.DISABLE_KEYGUARD" /> <!-- unlock screen -->
54-->src\main\AndroidManifest.xml:49:2-72
54-->src\main\AndroidManifest.xml:49:19-69
55    <uses-permission android:name="android.permission.REORDER_TASKS" /> <!-- unlock screen -->
55-->src\main\AndroidManifest.xml:50:2-69
55-->src\main\AndroidManifest.xml:50:19-66
56    <uses-permission android:name="android.permission.GET_TASKS" />
56-->src\main\AndroidManifest.xml:51:2-65
56-->src\main\AndroidManifest.xml:51:19-62
57    <uses-permission android:name="android.permission.GET_PACKAGE_SIZE" />
57-->src\main\AndroidManifest.xml:52:2-72
57-->src\main\AndroidManifest.xml:52:19-69
58    <uses-permission android:name="android.permission.CAMERA" />
58-->src\main\AndroidManifest.xml:54:2-62
58-->src\main\AndroidManifest.xml:54:19-59
59
60    <uses-feature android:name="android.hardware.camera" />
60-->src\main\AndroidManifest.xml:55:2-57
60-->src\main\AndroidManifest.xml:55:16-54
61    <uses-feature android:name="android.hardware.camera.autofocus" />
61-->src\main\AndroidManifest.xml:56:2-67
61-->src\main\AndroidManifest.xml:56:16-64
62
63    <uses-permission android:name="android.permission.RECORD_AUDIO" /> <!-- required for HTML microphone access and acoustic motion detection -->
63-->src\main\AndroidManifest.xml:58:2-68
63-->src\main\AndroidManifest.xml:58:19-65
64    <uses-permission android:name="android.permission.MODIFY_AUDIO_SETTINGS" /> <!-- required for HTML microphone access -->
64-->src\main\AndroidManifest.xml:59:2-77
64-->src\main\AndroidManifest.xml:59:19-74
65    <uses-permission android:name="android.permission.VIBRATE" />
65-->src\main\AndroidManifest.xml:60:2-63
65-->src\main\AndroidManifest.xml:60:19-60
66    <uses-permission android:name="android.permission.BLUETOOTH" />
66-->src\main\AndroidManifest.xml:61:2-65
66-->src\main\AndroidManifest.xml:61:19-62
67    <uses-permission android:name="android.permission.BLUETOOTH_ADMIN" />
67-->src\main\AndroidManifest.xml:62:2-71
67-->src\main\AndroidManifest.xml:62:19-68
68    <uses-permission android:name="android.permission.EXPAND_STATUS_BAR" /> <!-- collapse status bar in Kiosk Mode -->
68-->src\main\AndroidManifest.xml:63:2-73
68-->src\main\AndroidManifest.xml:63:19-70
69
70    <uses-permission android:name="android.permission.RECEIVE_BOOT_COMPLETED" />
70-->src\main\AndroidManifest.xml:65:2-78
70-->src\main\AndroidManifest.xml:65:19-75
71    <!-- Required by older versions of Google Play services to create IID tokens -->
72    <uses-permission android:name="com.google.android.c2dm.permission.RECEIVE" />
72-->[com.google.firebase:firebase-messaging:22.0.0] AndroidManifest.xml:25:5-82
72-->[com.google.firebase:firebase-messaging:22.0.0] AndroidManifest.xml:25:22-79
73
74    <uses-feature
74-->[com.google.android.gms:play-services-maps:18.2.0] AndroidManifest.xml:26:5-28:35
75        android:glEsVersion="0x00020000"
75-->[com.google.android.gms:play-services-maps:18.2.0] AndroidManifest.xml:27:9-41
76        android:required="true" />
76-->[com.google.android.gms:play-services-maps:18.2.0] AndroidManifest.xml:28:9-32
77
78    <queries>
78-->[com.google.android.gms:play-services-maps:18.2.0] AndroidManifest.xml:30:5-34:15
79
80        <!-- Needs to be explicitly declared on Android R+ -->
81        <package android:name="com.google.android.apps.maps" />
81-->[com.google.android.gms:play-services-maps:18.2.0] AndroidManifest.xml:33:9-64
81-->[com.google.android.gms:play-services-maps:18.2.0] AndroidManifest.xml:33:18-61
82    </queries>
83
84    <uses-permission android:name="com.google.android.finsky.permission.BIND_GET_INSTALL_REFERRER_SERVICE" />
84-->[com.google.android.gms:play-services-measurement:19.0.0] AndroidManifest.xml:26:5-110
84-->[com.google.android.gms:play-services-measurement:19.0.0] AndroidManifest.xml:26:22-107
85    <uses-permission android:name="android.permission.FOREGROUND_SERVICE" /> <!-- for android -->
85-->[androidx.work:work-runtime:2.7.1] AndroidManifest.xml:28:5-77
85-->[androidx.work:work-runtime:2.7.1] AndroidManifest.xml:28:22-74
86    <!-- <uses-permission android:name="com.android.launcher.permission.READ_SETTINGS"/> -->
87    <!-- <uses-permission android:name="com.android.launcher.permission.WRITE_SETTINGS"/> -->
88    <!-- <uses-permission android:name="com.android.launcher.permission.INSTALL_SHORTCUT" /> -->
89    <!-- <uses-permission android:name="com.android.launcher.permission.UNINSTALL_SHORTCUT" /> -->
90    <!-- for Samsung -->
91    <uses-permission android:name="com.sec.android.provider.badge.permission.READ" />
91-->[me.leolin:ShortcutBadger:1.1.22] AndroidManifest.xml:19:5-86
91-->[me.leolin:ShortcutBadger:1.1.22] AndroidManifest.xml:19:22-83
92    <uses-permission android:name="com.sec.android.provider.badge.permission.WRITE" /> <!-- for htc -->
92-->[me.leolin:ShortcutBadger:1.1.22] AndroidManifest.xml:20:5-87
92-->[me.leolin:ShortcutBadger:1.1.22] AndroidManifest.xml:20:22-84
93    <uses-permission android:name="com.htc.launcher.permission.READ_SETTINGS" />
93-->[me.leolin:ShortcutBadger:1.1.22] AndroidManifest.xml:23:5-81
93-->[me.leolin:ShortcutBadger:1.1.22] AndroidManifest.xml:23:22-78
94    <uses-permission android:name="com.htc.launcher.permission.UPDATE_SHORTCUT" /> <!-- for sony -->
94-->[me.leolin:ShortcutBadger:1.1.22] AndroidManifest.xml:24:5-83
94-->[me.leolin:ShortcutBadger:1.1.22] AndroidManifest.xml:24:22-80
95    <uses-permission android:name="com.sonyericsson.home.permission.BROADCAST_BADGE" />
95-->[me.leolin:ShortcutBadger:1.1.22] AndroidManifest.xml:27:5-88
95-->[me.leolin:ShortcutBadger:1.1.22] AndroidManifest.xml:27:22-85
96    <uses-permission android:name="com.sonymobile.home.permission.PROVIDER_INSERT_BADGE" /> <!-- for apex -->
96-->[me.leolin:ShortcutBadger:1.1.22] AndroidManifest.xml:28:5-92
96-->[me.leolin:ShortcutBadger:1.1.22] AndroidManifest.xml:28:22-89
97    <uses-permission android:name="com.anddoes.launcher.permission.UPDATE_COUNT" /> <!-- for solid -->
97-->[me.leolin:ShortcutBadger:1.1.22] AndroidManifest.xml:31:5-84
97-->[me.leolin:ShortcutBadger:1.1.22] AndroidManifest.xml:31:22-81
98    <uses-permission android:name="com.majeur.launcher.permission.UPDATE_BADGE" /> <!-- for huawei -->
98-->[me.leolin:ShortcutBadger:1.1.22] AndroidManifest.xml:34:5-83
98-->[me.leolin:ShortcutBadger:1.1.22] AndroidManifest.xml:34:22-80
99    <uses-permission android:name="com.huawei.android.launcher.permission.CHANGE_BADGE" />
99-->[me.leolin:ShortcutBadger:1.1.22] AndroidManifest.xml:37:5-91
99-->[me.leolin:ShortcutBadger:1.1.22] AndroidManifest.xml:37:22-88
100    <uses-permission android:name="com.huawei.android.launcher.permission.READ_SETTINGS" />
100-->[me.leolin:ShortcutBadger:1.1.22] AndroidManifest.xml:38:5-92
100-->[me.leolin:ShortcutBadger:1.1.22] AndroidManifest.xml:38:22-89
101    <uses-permission android:name="com.huawei.android.launcher.permission.WRITE_SETTINGS" /> <!-- for ZUK -->
101-->[me.leolin:ShortcutBadger:1.1.22] AndroidManifest.xml:39:5-93
101-->[me.leolin:ShortcutBadger:1.1.22] AndroidManifest.xml:39:22-90
102    <uses-permission android:name="android.permission.READ_APP_BADGE" /> <!-- for OPPO -->
102-->[me.leolin:ShortcutBadger:1.1.22] AndroidManifest.xml:42:5-73
102-->[me.leolin:ShortcutBadger:1.1.22] AndroidManifest.xml:42:22-70
103    <uses-permission android:name="com.oppo.launcher.permission.READ_SETTINGS" />
103-->[me.leolin:ShortcutBadger:1.1.22] AndroidManifest.xml:45:5-82
103-->[me.leolin:ShortcutBadger:1.1.22] AndroidManifest.xml:45:22-79
104    <uses-permission android:name="com.oppo.launcher.permission.WRITE_SETTINGS" /> <!-- for EvMe -->
104-->[me.leolin:ShortcutBadger:1.1.22] AndroidManifest.xml:46:5-83
104-->[me.leolin:ShortcutBadger:1.1.22] AndroidManifest.xml:46:22-80
105    <uses-permission android:name="me.everything.badger.permission.BADGE_COUNT_READ" />
105-->[me.leolin:ShortcutBadger:1.1.22] AndroidManifest.xml:49:5-88
105-->[me.leolin:ShortcutBadger:1.1.22] AndroidManifest.xml:49:22-85
106    <uses-permission android:name="me.everything.badger.permission.BADGE_COUNT_WRITE" />
106-->[me.leolin:ShortcutBadger:1.1.22] AndroidManifest.xml:50:5-89
106-->[me.leolin:ShortcutBadger:1.1.22] AndroidManifest.xml:50:22-86
107
108    <application
108-->src\main\AndroidManifest.xml:67:5-132:19
109        android:name="com.uderuserapp.MainApplication"
109-->src\main\AndroidManifest.xml:68:7-38
110        android:allowBackup="false"
110-->src\main\AndroidManifest.xml:72:7-34
111        android:appComponentFactory="androidx.core.app.CoreComponentFactory"
111-->[androidx.core:core:1.8.0] AndroidManifest.xml:24:18-86
112        android:hardwareAccelerated="true"
112-->src\main\AndroidManifest.xml:74:7-41
113        android:icon="@mipmap/ic_launcher"
113-->src\main\AndroidManifest.xml:70:7-41
114        android:label="@string/app_name"
114-->src\main\AndroidManifest.xml:69:7-39
115        android:largeHeap="true"
115-->src\main\AndroidManifest.xml:75:4-28
116        android:resizeableActivity="false"
116-->src\main\AndroidManifest.xml:77:4-38
117        android:roundIcon="@mipmap/ic_launcher_round"
117-->src\main\AndroidManifest.xml:71:7-52
118        android:supportsRtl="true"
118-->src\main\AndroidManifest.xml:76:7-33
119        android:theme="@style/AppTheme"
119-->src\main\AndroidManifest.xml:73:7-38
120        android:usesCleartextTraffic="true" >
120-->src\main\AndroidManifest.xml:78:4-39
121
122        <!-- Add this SplashActivity -->
123        <!--
124        <activity android:name=".SplashActivity" android:theme="@style/SplashTheme" android:label="@string/app_name">
125		  <intent-filter>
126			  <action android:name="android.intent.action.MAIN" />
127			  <category android:name="android.intent.category.LAUNCHER" />
128		  </intent-filter>
129		</activity>
130        -->
131
132        <activity
132-->src\main\AndroidManifest.xml:89:7-100:14
133            android:name="com.uderuserapp.MainActivity"
133-->src\main\AndroidManifest.xml:90:9-37
134            android:configChanges="keyboard|keyboardHidden|orientation|screenLayout|screenSize|smallestScreenSize|uiMode"
134-->src\main\AndroidManifest.xml:92:9-118
135            android:exported="true"
135-->src\main\AndroidManifest.xml:95:9-32
136            android:label="Uder User"
136-->src\main\AndroidManifest.xml:91:9-34
137            android:launchMode="singleTask"
137-->src\main\AndroidManifest.xml:93:9-40
138            android:windowSoftInputMode="adjustResize" >
138-->src\main\AndroidManifest.xml:94:9-51
139            <intent-filter>
139-->src\main\AndroidManifest.xml:96:4-99:20
140                <action android:name="android.intent.action.MAIN" />
140-->src\main\AndroidManifest.xml:97:5-57
140-->src\main\AndroidManifest.xml:97:13-54
141
142                <category android:name="android.intent.category.LAUNCHER" />
142-->src\main\AndroidManifest.xml:98:5-65
142-->src\main\AndroidManifest.xml:98:15-62
143            </intent-filter>
144        </activity>
145
146        <!-- [START fcm_default_icon] -->
147        <!--
148        <meta-data android:name="com.google.firebase.messaging.default_notification_icon" android:resource="@mipmap/ic_launcher" /> 
149		<meta-data android:name="com.google.firebase.messaging.default_notification_color" android:resource="@color/colorAccent" />
150		<meta-data android:name="com.dieam.reactnativepushnotification.default_notification_channel_id" android:value="@string/default_notification_channel_id" />
151        -->
152
153
154        <!-- Change the value to true to enable pop-up for in foreground on receiving remote notifications (for prevent duplicating while showing local notifications set this to false) -->
155        <!--
156        <meta-data  android:name="com.dieam.reactnativepushnotification.notification_foreground" android:value="true" />
157		<meta-data  android:name="com.dieam.reactnativepushnotification.notification_color" android:resource="@color/white" />
158        -->
159
160
161        <!--
162        <receiver android:name="com.dieam.reactnativepushnotification.modules.RNPushNotificationActions" />
163		<receiver android:name="com.dieam.reactnativepushnotification.modules.RNPushNotificationPublisher" />
164		<receiver android:name="com.dieam.reactnativepushnotification.modules.RNPushNotificationBootEventReceiver">
165			<intent-filter>
166				<action android:name="android.intent.action.BOOT_COMPLETED" />
167				<action android:name="android.intent.action.QUICKBOOT_POWERON" />
168				<action android:name="com.htc.intent.action.QUICKBOOT_POWERON"/>
169			</intent-filter>
170		</receiver>
171		
172		<service android:name="com.dieam.reactnativepushnotification.modules.RNPushNotificationListenerService" android:exported="false">
173			<intent-filter>
174				<action android:name="com.google.firebase.MESSAGING_EVENT" />
175			</intent-filter>
176		</service>
177        -->
178        <!-- End of Push Notification -->
179
180        <meta-data
180-->src\main\AndroidManifest.xml:130:4-118
181            android:name="com.google.android.geo.API_KEY"
181-->src\main\AndroidManifest.xml:130:15-60
182            android:value="AIzaSyBhwyrgBSaBZcSW1F_kOrfaKkeXjfFse74" />
182-->src\main\AndroidManifest.xml:130:61-116
183
184        <provider
184-->[:react-native-image-picker] AndroidManifest.xml:8:9-16:20
185            android:name="com.imagepicker.ImagePickerProvider"
185-->[:react-native-image-picker] AndroidManifest.xml:9:13-63
186            android:authorities="com.uderuserapp.imagepickerprovider"
186-->[:react-native-image-picker] AndroidManifest.xml:10:13-71
187            android:exported="false"
187-->[:react-native-image-picker] AndroidManifest.xml:11:13-37
188            android:grantUriPermissions="true" >
188-->[:react-native-image-picker] AndroidManifest.xml:12:13-47
189            <meta-data
189-->[:react-native-image-picker] AndroidManifest.xml:13:13-15:70
190                android:name="android.support.FILE_PROVIDER_PATHS"
190-->[:react-native-image-picker] AndroidManifest.xml:14:17-67
191                android:resource="@xml/imagepicker_provider_paths" />
191-->[:react-native-image-picker] AndroidManifest.xml:15:17-67
192        </provider>
193
194        <receiver
194-->[com.google.firebase:firebase-messaging:22.0.0] AndroidManifest.xml:28:9-35:20
195            android:name="com.google.firebase.iid.FirebaseInstanceIdReceiver"
195-->[com.google.firebase:firebase-messaging:22.0.0] AndroidManifest.xml:29:13-78
196            android:exported="true"
196-->[com.google.firebase:firebase-messaging:22.0.0] AndroidManifest.xml:30:13-36
197            android:permission="com.google.android.c2dm.permission.SEND" >
197-->[com.google.firebase:firebase-messaging:22.0.0] AndroidManifest.xml:31:13-73
198            <intent-filter>
198-->[com.google.firebase:firebase-messaging:22.0.0] AndroidManifest.xml:32:13-34:29
199                <action android:name="com.google.android.c2dm.intent.RECEIVE" />
199-->[com.google.firebase:firebase-messaging:22.0.0] AndroidManifest.xml:33:17-81
199-->[com.google.firebase:firebase-messaging:22.0.0] AndroidManifest.xml:33:25-78
200            </intent-filter>
201        </receiver>
202        <!--
203             FirebaseMessagingService performs security checks at runtime,
204             but set to not exported to explicitly avoid allowing another app to call it.
205        -->
206        <service
206-->[com.google.firebase:firebase-messaging:22.0.0] AndroidManifest.xml:41:9-48:19
207            android:name="com.google.firebase.messaging.FirebaseMessagingService"
207-->[com.google.firebase:firebase-messaging:22.0.0] AndroidManifest.xml:42:13-82
208            android:directBootAware="true"
208-->[com.google.firebase:firebase-messaging:22.0.0] AndroidManifest.xml:43:13-43
209            android:exported="false" >
209-->[com.google.firebase:firebase-messaging:22.0.0] AndroidManifest.xml:44:13-37
210            <intent-filter android:priority="-500" >
210-->[com.google.firebase:firebase-messaging:22.0.0] AndroidManifest.xml:45:13-47:29
210-->[com.google.firebase:firebase-messaging:22.0.0] AndroidManifest.xml:45:28-51
211                <action android:name="com.google.firebase.MESSAGING_EVENT" />
211-->[com.google.firebase:firebase-messaging:22.0.0] AndroidManifest.xml:46:17-78
211-->[com.google.firebase:firebase-messaging:22.0.0] AndroidManifest.xml:46:25-75
212            </intent-filter>
213        </service>
214        <service
214-->[com.google.firebase:firebase-messaging:22.0.0] AndroidManifest.xml:49:9-55:19
215            android:name="com.google.firebase.components.ComponentDiscoveryService"
215-->[com.google.firebase:firebase-messaging:22.0.0] AndroidManifest.xml:50:13-84
216            android:directBootAware="true"
216-->[com.google.firebase:firebase-common:20.0.0] AndroidManifest.xml:35:13-43
217            android:exported="false" >
217-->[com.google.firebase:firebase-messaging:22.0.0] AndroidManifest.xml:51:13-37
218            <meta-data
218-->[com.google.firebase:firebase-messaging:22.0.0] AndroidManifest.xml:52:13-54:85
219                android:name="com.google.firebase.components:com.google.firebase.messaging.FirebaseMessagingRegistrar"
219-->[com.google.firebase:firebase-messaging:22.0.0] AndroidManifest.xml:53:17-119
220                android:value="com.google.firebase.components.ComponentRegistrar" />
220-->[com.google.firebase:firebase-messaging:22.0.0] AndroidManifest.xml:54:17-82
221            <meta-data
221-->[com.google.firebase:firebase-datatransport:18.0.0] AndroidManifest.xml:28:13-30:85
222                android:name="com.google.firebase.components:com.google.firebase.datatransport.TransportRegistrar"
222-->[com.google.firebase:firebase-datatransport:18.0.0] AndroidManifest.xml:29:17-115
223                android:value="com.google.firebase.components.ComponentRegistrar" />
223-->[com.google.firebase:firebase-datatransport:18.0.0] AndroidManifest.xml:30:17-82
224            <meta-data
224-->[com.google.android.gms:play-services-measurement-api:19.0.0] AndroidManifest.xml:30:13-32:85
225                android:name="com.google.firebase.components:com.google.firebase.analytics.connector.internal.AnalyticsConnectorRegistrar"
225-->[com.google.android.gms:play-services-measurement-api:19.0.0] AndroidManifest.xml:31:17-139
226                android:value="com.google.firebase.components.ComponentRegistrar" />
226-->[com.google.android.gms:play-services-measurement-api:19.0.0] AndroidManifest.xml:32:17-82
227            <meta-data
227-->[com.google.firebase:firebase-installations:17.0.0] AndroidManifest.xml:18:13-20:85
228                android:name="com.google.firebase.components:com.google.firebase.installations.FirebaseInstallationsRegistrar"
228-->[com.google.firebase:firebase-installations:17.0.0] AndroidManifest.xml:19:17-127
229                android:value="com.google.firebase.components.ComponentRegistrar" />
229-->[com.google.firebase:firebase-installations:17.0.0] AndroidManifest.xml:20:17-82
230        </service>
231        <service
231-->[com.google.android.datatransport:transport-backend-cct:3.0.0] AndroidManifest.xml:29:9-35:19
232            android:name="com.google.android.datatransport.runtime.backends.TransportBackendDiscovery"
232-->[com.google.android.datatransport:transport-backend-cct:3.0.0] AndroidManifest.xml:30:13-103
233            android:exported="false" >
233-->[com.google.android.datatransport:transport-backend-cct:3.0.0] AndroidManifest.xml:31:13-37
234            <meta-data
234-->[com.google.android.datatransport:transport-backend-cct:3.0.0] AndroidManifest.xml:32:13-34:39
235                android:name="backend:com.google.android.datatransport.cct.CctBackendFactory"
235-->[com.google.android.datatransport:transport-backend-cct:3.0.0] AndroidManifest.xml:33:17-94
236                android:value="cct" />
236-->[com.google.android.datatransport:transport-backend-cct:3.0.0] AndroidManifest.xml:34:17-36
237        </service>
238
239        <provider
239-->[com.google.firebase:firebase-common:20.0.0] AndroidManifest.xml:26:9-31:39
240            android:name="com.google.firebase.provider.FirebaseInitProvider"
240-->[com.google.firebase:firebase-common:20.0.0] AndroidManifest.xml:27:13-77
241            android:authorities="com.uderuserapp.firebaseinitprovider"
241-->[com.google.firebase:firebase-common:20.0.0] AndroidManifest.xml:28:13-72
242            android:directBootAware="true"
242-->[com.google.firebase:firebase-common:20.0.0] AndroidManifest.xml:29:13-43
243            android:exported="false"
243-->[com.google.firebase:firebase-common:20.0.0] AndroidManifest.xml:30:13-37
244            android:initOrder="100" />
244-->[com.google.firebase:firebase-common:20.0.0] AndroidManifest.xml:31:13-36
245
246        <meta-data
246-->[com.google.maps.android:android-maps-utils:3.8.2] AndroidManifest.xml:8:9-10:69
247            android:name="com.google.android.gms.version"
247-->[com.google.maps.android:android-maps-utils:3.8.2] AndroidManifest.xml:9:13-58
248            android:value="@integer/google_play_services_version" /> <!-- Needs to be explicitly declared on P+ -->
248-->[com.google.maps.android:android-maps-utils:3.8.2] AndroidManifest.xml:10:13-66
249        <uses-library
249-->[com.google.android.gms:play-services-maps:18.2.0] AndroidManifest.xml:39:9-41:40
250            android:name="org.apache.http.legacy"
250-->[com.google.android.gms:play-services-maps:18.2.0] AndroidManifest.xml:40:13-50
251            android:required="false" />
251-->[com.google.android.gms:play-services-maps:18.2.0] AndroidManifest.xml:41:13-37
252
253        <activity
253-->[com.google.android.gms:play-services-base:18.2.0] AndroidManifest.xml:20:9-22:45
254            android:name="com.google.android.gms.common.api.GoogleApiActivity"
254-->[com.google.android.gms:play-services-base:18.2.0] AndroidManifest.xml:20:19-85
255            android:exported="false"
255-->[com.google.android.gms:play-services-base:18.2.0] AndroidManifest.xml:22:19-43
256            android:theme="@android:style/Theme.Translucent.NoTitleBar" />
256-->[com.google.android.gms:play-services-base:18.2.0] AndroidManifest.xml:21:19-78
257
258        <receiver
258-->[com.google.android.gms:play-services-measurement:19.0.0] AndroidManifest.xml:29:9-33:20
259            android:name="com.google.android.gms.measurement.AppMeasurementReceiver"
259-->[com.google.android.gms:play-services-measurement:19.0.0] AndroidManifest.xml:30:13-85
260            android:enabled="true"
260-->[com.google.android.gms:play-services-measurement:19.0.0] AndroidManifest.xml:31:13-35
261            android:exported="false" >
261-->[com.google.android.gms:play-services-measurement:19.0.0] AndroidManifest.xml:32:13-37
262        </receiver>
263
264        <service
264-->[com.google.android.gms:play-services-measurement:19.0.0] AndroidManifest.xml:35:9-38:40
265            android:name="com.google.android.gms.measurement.AppMeasurementService"
265-->[com.google.android.gms:play-services-measurement:19.0.0] AndroidManifest.xml:36:13-84
266            android:enabled="true"
266-->[com.google.android.gms:play-services-measurement:19.0.0] AndroidManifest.xml:37:13-35
267            android:exported="false" />
267-->[com.google.android.gms:play-services-measurement:19.0.0] AndroidManifest.xml:38:13-37
268        <service
268-->[com.google.android.gms:play-services-measurement:19.0.0] AndroidManifest.xml:39:9-43:72
269            android:name="com.google.android.gms.measurement.AppMeasurementJobService"
269-->[com.google.android.gms:play-services-measurement:19.0.0] AndroidManifest.xml:40:13-87
270            android:enabled="true"